C:\Users\Alex\Desktop\Coursework_exercise\Coursework_exercise\Debug\cl.command.1.tlog
C:\Users\Alex\Desktop\Coursework_exercise\Coursework_exercise\Debug\CL.read.1.tlog
C:\Users\Alex\Desktop\Coursework_exercise\Coursework_exercise\Debug\CL.write.1.tlog
C:\USERS\ALEX\DESKTOP\COURSEWORK_EXERCISE\COURSEWORK_EXERCISE\DEBUG\COURSEWORK_EXERCISE.EXE.EMBED.MANIFEST
C:\USERS\ALEX\DESKTOP\COURSEWORK_EXERCISE\COURSEWORK_EXERCISE\DEBUG\COURSEWORK_EXERCISE.EXE.EMBED.MANIFEST.RES
C:\USERS\ALEX\DESKTOP\COURSEWORK_EXERCISE\COURSEWORK_EXERCISE\DEBUG\COURSEWORK_EXERCISE.EXE.INTERMEDIATE.MANIFEST
C:\Users\Alex\Desktop\Coursework_exercise\Coursework_exercise\Debug\Coursework_exercise_manifest.rc
C:\USERS\ALEX\DESKTOP\COURSEWORK_EXERCISE\COURSEWORK_EXERCISE\DEBUG\DATABASE.OBJ
C:\Users\Alex\Desktop\Coursework_exercise\Coursework_exercise\Debug\link.4588.read.1.tlog
C:\Users\Alex\Desktop\Coursework_exercise\Coursework_exercise\Debug\link.4588.write.1.tlog
C:\Users\Alex\Desktop\Coursework_exercise\Coursework_exercise\Debug\link.4588-cvtres.read.1.tlog
C:\Users\Alex\Desktop\Coursework_exercise\Coursework_exercise\Debug\link.4588-cvtres.write.1.tlog
C:\Users\Alex\Desktop\Coursework_exercise\Coursework_exercise\Debug\link.6184.read.1.tlog
C:\Users\Alex\Desktop\Coursework_exercise\Coursework_exercise\Debug\link.6184.write.1.tlog
C:\Users\Alex\Desktop\Coursework_exercise\Coursework_exercise\Debug\link.6184-cvtres.read.1.tlog
C:\Users\Alex\Desktop\Coursework_exercise\Coursework_exercise\Debug\link.6184-cvtres.write.1.tlog
C:\Users\Alex\Desktop\Coursework_exercise\Coursework_exercise\Debug\link.6504.read.1.tlog
C:\Users\Alex\Desktop\Coursework_exercise\Coursework_exercise\Debug\link.6504.write.1.tlog
C:\Users\Alex\Desktop\Coursework_exercise\Coursework_exercise\Debug\link.6504-cvtres.read.1.tlog
C:\Users\Alex\Desktop\Coursework_exercise\Coursework_exercise\Debug\link.6504-cvtres.write.1.tlog
C:\Users\Alex\Desktop\Coursework_exercise\Coursework_exercise\Debug\link.6880.read.1.tlog
C:\Users\Alex\Desktop\Coursework_exercise\Coursework_exercise\Debug\link.6880.write.1.tlog
C:\Users\Alex\Desktop\Coursework_exercise\Coursework_exercise\Debug\link.6880-cvtres.read.1.tlog
C:\Users\Alex\Desktop\Coursework_exercise\Coursework_exercise\Debug\link.6880-cvtres.write.1.tlog
C:\Users\Alex\Desktop\Coursework_exercise\Coursework_exercise\Debug\link.command.1.tlog
C:\Users\Alex\Desktop\Coursework_exercise\Coursework_exercise\Debug\link.read.1.tlog
C:\Users\Alex\Desktop\Coursework_exercise\Coursework_exercise\Debug\link.write.1.tlog
C:\Users\Alex\Desktop\Coursework_exercise\Coursework_exercise\Debug\link-cvtres.read.1.tlog
C:\Users\Alex\Desktop\Coursework_exercise\Coursework_exercise\Debug\link-cvtres.write.1.tlog
C:\Users\Alex\Desktop\Coursework_exercise\Coursework_exercise\Debug\mt.command.1.tlog
C:\Users\Alex\Desktop\Coursework_exercise\Coursework_exercise\Debug\mt.read.1.tlog
C:\Users\Alex\Desktop\Coursework_exercise\Coursework_exercise\Debug\mt.write.1.tlog
C:\Users\Alex\Desktop\Coursework_exercise\Coursework_exercise\Debug\rc.command.1.tlog
C:\Users\Alex\Desktop\Coursework_exercise\Coursework_exercise\Debug\rc.read.1.tlog
C:\Users\Alex\Desktop\Coursework_exercise\Coursework_exercise\Debug\rc.write.1.tlog
C:\Users\Alex\Desktop\Coursework_exercise\Coursework_exercise\Debug\vc100.idb
C:\USERS\ALEX\DESKTOP\COURSEWORK_EXERCISE\COURSEWORK_EXERCISE\DEBUG\VC100.PDB
C:\USERS\ALEX\DESKTOP\COURSEWORK_EXERCISE\DEBUG\COURSEWORK_EXERCISE.EXE
C:\USERS\ALEX\DESKTOP\COURSEWORK_EXERCISE\DEBUG\COURSEWORK_EXERCISE.ILK
C:\USERS\ALEX\DESKTOP\COURSEWORK_EXERCISE\DEBUG\COURSEWORK_EXERCISE.PDB
